12:13:12 INFO  : Launching XSCT server: xsct.bat -n  -interactive C:\Users\jordan_edwards4\Documents\SOC2\Vitis\temp_xsdb_launch_script.tcl
12:13:12 INFO  : Registering command handlers for Vitis TCF services
12:13:12 INFO  : Platform repository initialization has completed.
12:13:16 INFO  : XSCT server has started successfully.
12:13:21 INFO  : plnx-install-location is set to ''
12:13:21 INFO  : Successfully done setting XSCT server connection channel  
12:13:21 INFO  : Successfully done query RDI_DATADIR 
12:13:21 INFO  : Successfully done setting workspace for the tool. 
12:13:51 INFO  : Result from executing command 'getProjects': VanillaPlatform
12:13:51 INFO  : Result from executing command 'getPlatforms': 
12:14:03 INFO  : Result from executing command 'getProjects': VanillaPlatform
12:14:03 INFO  : Result from executing command 'getPlatforms': VanillaPlatform|C:/Users/jordan_edwards4/Documents/SOC2/Vitis/VanillaPlatform/export/VanillaPlatform/VanillaPlatform.xpfm
12:15:08 INFO  : Checking for BSP changes to sync application flags for project 'VanillaApplication'...
12:15:39 INFO  : Bit file 'C:/Users/jordan_edwards4/Documents/SOC2/Vitis/VanillaApplication/_ide/bitstream/download.bit' is generated.
12:15:42 INFO  : Connected to target on host '127.0.0.1' and port '3121'.
12:15:56 INFO  : 'targets -set -filter {jtag_cable_name =~ "Digilent Nexys4DDR 210292A4BA47A" && level==0 && jtag_device_ctx=="jsn-Nexys4DDR-210292A4BA47A-13631093-0"}' command is executed.
12:15:56 ERROR : couldn't open "C:/Users/jordan_edwards4/Documents/SOC2/Vitis/VanillaApplication/_ide/bitstream/download.bit": no such file or directory
12:19:40 INFO  : Checking for BSP changes to sync application flags for project 'VanillaProject'...
12:20:16 INFO  : Bit file 'C:/Users/jordan_edwards4/Documents/SOC2/Vitis/VanillaProject/_ide/bitstream/download.bit' is generated.
12:20:16 INFO  : Connected to target on host '127.0.0.1' and port '3121'.
12:20:16 INFO  : 'targets -set -filter {jtag_cable_name =~ "Digilent Nexys4DDR 210292A4BA47A" && level==0 && jtag_device_ctx=="jsn-Nexys4DDR-210292A4BA47A-13631093-0"}' command is executed.
12:20:16 ERROR : couldn't open "C:/Users/jordan_edwards4/Documents/SOC2/Vitis/VanillaProject/_ide/bitstream/download.bit": no such file or directory
12:24:01 INFO  : Bit file 'C:/Users/jordan_edwards4/Documents/SOC2/Vitis/VanillaProject/_ide/bitstream/download.bit' is generated.
12:24:01 INFO  : Connected to target on host '127.0.0.1' and port '3121'.
12:24:01 INFO  : 'targets -set -filter {jtag_cable_name =~ "Digilent Nexys4DDR 210292A4BA47A" && level==0 && jtag_device_ctx=="jsn-Nexys4DDR-210292A4BA47A-13631093-0"}' command is executed.
12:24:01 ERROR : couldn't open "C:/Users/jordan_edwards4/Documents/SOC2/Vitis/VanillaProject/_ide/bitstream/download.bit": no such file or directory
12:24:31 INFO  : Bit file 'C:/Users/jordan_edwards4/Documents/SOC2/Vitis/VanillaProject/_ide/bitstream/download.bit' is generated.
12:26:04 INFO  : Bit file 'C:/Users/jordan_edwards4/Documents/SOC2/Vitis/VanillaProject/_ide/bitstream/download.bit' is generated.
12:26:04 INFO  : Connected to target on host '127.0.0.1' and port '3121'.
12:26:04 INFO  : 'targets -set -filter {jtag_cable_name =~ "Digilent Nexys4DDR 210292A4BA47A" && level==0 && jtag_device_ctx=="jsn-Nexys4DDR-210292A4BA47A-13631093-0"}' command is executed.
12:26:05 INFO  : Device configured successfully with "C:/Users/jordan_edwards4/Documents/SOC2/Vitis/VanillaProject/_ide/bitstream/download.bit"
12:27:50 INFO  : Bit file 'C:/Users/jordan_edwards4/Documents/SOC2/Vitis/VanillaProject/_ide/bitstream/download.bit' is generated.
12:27:50 INFO  : Connected to target on host '127.0.0.1' and port '3121'.
12:27:50 INFO  : 'targets -set -filter {jtag_cable_name =~ "Digilent Nexys4DDR 210292A4BA47A" && level==0 && jtag_device_ctx=="jsn-Nexys4DDR-210292A4BA47A-13631093-0"}' command is executed.
12:27:50 INFO  : Device configured successfully with "C:/Users/jordan_edwards4/Documents/SOC2/Vitis/VanillaProject/_ide/bitstream/download.bit"
12:32:46 ERROR : (XSDB Server)couldn't execute "C:\MinGW\msys\1.0\bin\cmd": no such file or directory

12:36:12 ERROR : (XSDB Server)couldn't execute "C:\MinGW\msys\1.0\bin\cmd": no such file or directory

12:40:44 ERROR : (XSDB Server)invalid command name "update_mem"

12:40:56 ERROR : (XSDB Server)couldn't execute "C:\MinGW\msys\1.0\bin\cmd": no such file or directory

12:41:07 ERROR : (XSDB Server)couldn't execute "C:\MinGW\msys\1.0\bin\cmd": no such file or directory

12:41:15 ERROR : (XSDB Server)invalid command name "cc"

12:41:38 INFO  : Checking for BSP changes to sync application flags for project 'VanillaProject'...
12:42:13 INFO  : Bit file 'C:/Users/jordan_edwards4/Documents/SOC2/Vitis/VanillaProject/_ide/bitstream/download.bit' is generated.
12:42:13 INFO  : Connected to target on host '127.0.0.1' and port '3121'.
12:42:13 INFO  : 'targets -set -filter {jtag_cable_name =~ "Digilent Nexys4DDR 210292A4BA47A" && level==0 && jtag_device_ctx=="jsn-Nexys4DDR-210292A4BA47A-13631093-0"}' command is executed.
12:42:14 INFO  : Device configured successfully with "C:/Users/jordan_edwards4/Documents/SOC2/Vitis/VanillaProject/_ide/bitstream/download.bit"
